<?xml version="1.0" encoding="UTF-8"?>
<testng-results ignored="0" total="6" passed="6" failed="0" skipped="0">
  <reporter-output>
    <line>
      <![CDATA[Execution started at suite tag level]]>
    </line>
    <line>
      <![CDATA[Execution started at test tag level]]>
    </line>
    <line>
      <![CDATA[Execution completed at test tag level]]>
    </line>
    <line>
      <![CDATA[Execution started at test tag level]]>
    </line>
    <line>
      <![CDATA[Execution completed at test tag level]]>
    </line>
    <line>
      <![CDATA[Execution started at test tag level]]>
    </line>
    <line>
      <![CDATA[Execution completed at test tag level]]>
    </line>
    <line>
      <![CDATA[Execution completed at suite tag level]]>
    </line>
  </reporter-output>
  <suite started-at="2023-12-20T11:55:42 IST" name="Suite" finished-at="2023-12-20T11:57:19 IST" duration-ms="97273">
    <groups>
    </groups>
    <test started-at="2023-12-20T11:55:42 IST" name="ChromeTest" finished-at="2023-12-20T11:56:18 IST" duration-ms="36174">
      <class name="com.testcases.ActiTime.TC_1ActititmeLoginLogout">
        <test-method is-config="true" signature="testExecutionStart()[pri:0, instance:com.testcases.ActiTime.TC_1ActititmeLoginLogout@50eac852]" started-at="2023-12-20T11:55:42 IST" name="testExecutionStart" finished-at="2023-12-20T11:55:42 IST" duration-ms="1" status="PASS">
          <reporter-output>
            <line>
              <![CDATA[Execution started at test tag level]]>
            </line>
          </reporter-output>
        </test-method> <!-- testExecutionStart -->
        <test-method is-config="true" signature="setup(java.lang.String)[pri:0, instance:com.testcases.ActiTime.TC_1ActititmeLoginLogout@50eac852]" started-at="2023-12-20T11:55:42 IST" name="setup" finished-at="2023-12-20T11:55:58 IST" duration-ms="15736" status="PASS">
          <params>
            <param index="0">
              <value>
                <![CDATA[chrome]]>
              </value>
            </param>
          </params>
          <reporter-output>
          </reporter-output>
        </test-method> <!-- setup -->
        <test-method signature="login()[pri:0, instance:com.testcases.ActiTime.TC_1ActititmeLoginLogout@50eac852]" started-at="2023-12-20T11:55:58 IST" name="login" finished-at="2023-12-20T11:56:08 IST" duration-ms="10532" status="PASS">
          <reporter-output>
          </reporter-output>
        </test-method> <!-- login -->
        <test-method signature="logout()[pri:0, instance:com.testcases.ActiTime.TC_1ActititmeLoginLogout@50eac852]" started-at="2023-12-20T11:56:08 IST" name="logout" finished-at="2023-12-20T11:56:18 IST" depends-on-methods="com.testcases.ActiTime.TC_1ActititmeLoginLogout.login" duration-ms="9434" status="PASS">
          <reporter-output>
          </reporter-output>
        </test-method> <!-- logout -->
        <test-method is-config="true" signature="teardown()[pri:0, instance:com.testcases.ActiTime.TC_1ActititmeLoginLogout@50eac852]" started-at="2023-12-20T11:56:18 IST" name="teardown" finished-at="2023-12-20T11:56:18 IST" duration-ms="417" status="PASS">
          <reporter-output>
          </reporter-output>
        </test-method> <!-- teardown -->
        <test-method is-config="true" signature="testExecutionComplete()[pri:0, instance:com.testcases.ActiTime.TC_1ActititmeLoginLogout@50eac852]" started-at="2023-12-20T11:56:18 IST" name="testExecutionComplete" finished-at="2023-12-20T11:56:18 IST" duration-ms="3" status="PASS">
          <reporter-output>
            <line>
              <![CDATA[Execution completed at test tag level]]>
            </line>
          </reporter-output>
        </test-method> <!-- testExecutionComplete -->
      </class> <!-- com.testcases.ActiTime.TC_1ActititmeLoginLogout -->
    </test> <!-- ChromeTest -->
    <test started-at="2023-12-20T11:56:18 IST" name="EdgeTest" finished-at="2023-12-20T11:56:47 IST" duration-ms="28556">
      <class name="com.testcases.ActiTime.TC_1ActititmeLoginLogout">
        <test-method is-config="true" signature="setup(java.lang.String)[pri:0, instance:com.testcases.ActiTime.TC_1ActititmeLoginLogout@359f7cdf]" started-at="2023-12-20T11:56:18 IST" name="setup" finished-at="2023-12-20T11:56:27 IST" duration-ms="8580" status="PASS">
          <params>
            <param index="0">
              <value>
                <![CDATA[edge]]>
              </value>
            </param>
          </params>
          <reporter-output>
          </reporter-output>
        </test-method> <!-- setup -->
        <test-method is-config="true" signature="testExecutionStart()[pri:0, instance:com.testcases.ActiTime.TC_1ActititmeLoginLogout@359f7cdf]" started-at="2023-12-20T11:56:18 IST" name="testExecutionStart" finished-at="2023-12-20T11:56:18 IST" duration-ms="0" status="PASS">
          <reporter-output>
            <line>
              <![CDATA[Execution started at test tag level]]>
            </line>
          </reporter-output>
        </test-method> <!-- testExecutionStart -->
        <test-method signature="login()[pri:0, instance:com.testcases.ActiTime.TC_1ActititmeLoginLogout@359f7cdf]" started-at="2023-12-20T11:56:27 IST" name="login" finished-at="2023-12-20T11:56:36 IST" duration-ms="9199" status="PASS">
          <reporter-output>
          </reporter-output>
        </test-method> <!-- login -->
        <test-method signature="logout()[pri:0, instance:com.testcases.ActiTime.TC_1ActititmeLoginLogout@359f7cdf]" started-at="2023-12-20T11:56:36 IST" name="logout" finished-at="2023-12-20T11:56:46 IST" depends-on-methods="com.testcases.ActiTime.TC_1ActititmeLoginLogout.login" duration-ms="10287" status="PASS">
          <reporter-output>
          </reporter-output>
        </test-method> <!-- logout -->
        <test-method is-config="true" signature="teardown()[pri:0, instance:com.testcases.ActiTime.TC_1ActititmeLoginLogout@359f7cdf]" started-at="2023-12-20T11:56:46 IST" name="teardown" finished-at="2023-12-20T11:56:47 IST" duration-ms="484" status="PASS">
          <reporter-output>
          </reporter-output>
        </test-method> <!-- teardown -->
        <test-method is-config="true" signature="testExecutionComplete()[pri:0, instance:com.testcases.ActiTime.TC_1ActititmeLoginLogout@359f7cdf]" started-at="2023-12-20T11:56:47 IST" name="testExecutionComplete" finished-at="2023-12-20T11:56:47 IST" duration-ms="0" status="PASS">
          <reporter-output>
            <line>
              <![CDATA[Execution completed at test tag level]]>
            </line>
          </reporter-output>
        </test-method> <!-- testExecutionComplete -->
      </class> <!-- com.testcases.ActiTime.TC_1ActititmeLoginLogout -->
    </test> <!-- EdgeTest -->
    <test started-at="2023-12-20T11:56:47 IST" name="FirefoxTest" finished-at="2023-12-20T11:57:19 IST" duration-ms="32480">
      <class name="com.testcases.ActiTime.TC_1ActititmeLoginLogout">
        <test-method is-config="true" signature="suiteExecutionStart()[pri:0, instance:com.testcases.ActiTime.TC_1ActititmeLoginLogout@a514af7]" started-at="2023-12-20T11:55:42 IST" name="suiteExecutionStart" finished-at="2023-12-20T11:55:42 IST" duration-ms="18" status="PASS">
          <reporter-output>
            <line>
              <![CDATA[Execution started at suite tag level]]>
            </line>
          </reporter-output>
        </test-method> <!-- suiteExecutionStart -->
        <test-method is-config="true" signature="setup(java.lang.String)[pri:0, instance:com.testcases.ActiTime.TC_1ActititmeLoginLogout@a514af7]" started-at="2023-12-20T11:56:47 IST" name="setup" finished-at="2023-12-20T11:57:01 IST" duration-ms="14340" status="PASS">
          <params>
            <param index="0">
              <value>
                <![CDATA[firefox]]>
              </value>
            </param>
          </params>
          <reporter-output>
          </reporter-output>
        </test-method> <!-- setup -->
        <test-method is-config="true" signature="testExecutionStart()[pri:0, instance:com.testcases.ActiTime.TC_1ActititmeLoginLogout@a514af7]" started-at="2023-12-20T11:56:47 IST" name="testExecutionStart" finished-at="2023-12-20T11:56:47 IST" duration-ms="0" status="PASS">
          <reporter-output>
            <line>
              <![CDATA[Execution started at test tag level]]>
            </line>
          </reporter-output>
        </test-method> <!-- testExecutionStart -->
        <test-method signature="login()[pri:0, instance:com.testcases.ActiTime.TC_1ActititmeLoginLogout@a514af7]" started-at="2023-12-20T11:57:01 IST" name="login" finished-at="2023-12-20T11:57:10 IST" duration-ms="8802" status="PASS">
          <reporter-output>
          </reporter-output>
        </test-method> <!-- login -->
        <test-method signature="logout()[pri:0, instance:com.testcases.ActiTime.TC_1ActititmeLoginLogout@a514af7]" started-at="2023-12-20T11:57:10 IST" name="logout" finished-at="2023-12-20T11:57:17 IST" depends-on-methods="com.testcases.ActiTime.TC_1ActititmeLoginLogout.login" duration-ms="7470" status="PASS">
          <reporter-output>
          </reporter-output>
        </test-method> <!-- logout -->
        <test-method is-config="true" signature="teardown()[pri:0, instance:com.testcases.ActiTime.TC_1ActititmeLoginLogout@a514af7]" started-at="2023-12-20T11:57:17 IST" name="teardown" finished-at="2023-12-20T11:57:19 IST" duration-ms="1858" status="PASS">
          <reporter-output>
          </reporter-output>
        </test-method> <!-- teardown -->
        <test-method is-config="true" signature="testExecutionComplete()[pri:0, instance:com.testcases.ActiTime.TC_1ActititmeLoginLogout@a514af7]" started-at="2023-12-20T11:57:19 IST" name="testExecutionComplete" finished-at="2023-12-20T11:57:19 IST" duration-ms="0" status="PASS">
          <reporter-output>
            <line>
              <![CDATA[Execution completed at test tag level]]>
            </line>
          </reporter-output>
        </test-method> <!-- testExecutionComplete -->
        <test-method is-config="true" signature="suiteExecutionComplete()[pri:0, instance:com.testcases.ActiTime.TC_1ActititmeLoginLogout@a514af7]" started-at="2023-12-20T11:57:19 IST" name="suiteExecutionComplete" finished-at="2023-12-20T11:57:19 IST" duration-ms="0" status="PASS">
          <reporter-output>
            <line>
              <![CDATA[Execution completed at suite tag level]]>
            </line>
          </reporter-output>
        </test-method> <!-- suiteExecutionComplete -->
      </class> <!-- com.testcases.ActiTime.TC_1ActititmeLoginLogout -->
    </test> <!-- FirefoxTest -->
  </suite> <!-- Suite -->
</testng-results>
